2019-12-12T15:08:08+08:00 ERR (3): Exception:
1: Error Fetching http headers
Trace:
#0 [internal function]: SoapClient->__doRequest('<?xml version="...', 'http://update.d...', 'dbshop_package_...', 1, 0)
#1 D:\wwwroot\dbshop9\module\Template\src\Template\Controller\TemplateController.php(334): SoapClient->__call('dbshopTemplateI...', Array)
#2 D:\wwwroot\dbshop9\module\Template\src\Template\Controller\TemplateController.php(334): SoapClient->dbshopTemplateInfo(Array)
#3 D:\wwwroot\dbshop9\module\Template\src\Template\Controller\TemplateController.php(223): Template\Controller\TemplateController->dbshopSoapClient('dbshopTemplateI...', Array)
#4 D:\wwwroot\dbshop9\vendor\zendframework\zendframework\library\Zend\Mvc\Controller\AbstractActionController.php(82): Template\Controller\TemplateController->startInstallTemplateAction()
#5 [internal function]: Zend\Mvc\Controller\AbstractActionController->onDispatch(Object(Zend\Mvc\MvcEvent))
#6 D:\wwwroot\dbshop9\vendor\zendframework\zendframework\library\Zend\EventManager\EventManager.php(444): call_user_func(Array, Object(Zend\Mvc\MvcEvent))
#7 D:\wwwroot\dbshop9\vendor\zendframework\zendframework\library\Zend\EventManager\EventManager.php(205): Zend\EventManager\EventManager->triggerListeners('dispatch', Object(Zend\Mvc\MvcEvent), Object(Closure))
#8 D:\wwwroot\dbshop9\vendor\zendframework\zendframework\library\Zend\Mvc\Controller\AbstractController.php(118): Zend\EventManager\EventManager->trigger('dispatch', Object(Zend\Mvc\MvcEvent), Object(Closure))
#9 D:\wwwroot\dbshop9\vendor\zendframework\zendframework\library\Zend\Mvc\DispatchListener.php(93): Zend\Mvc\Controller\AbstractController->dispatch(Object(Zend\Http\PhpEnvironment\Request), Object(Zend\Http\PhpEnvironment\Response))
#10 [internal function]: Zend\Mvc\DispatchListener->onDispatch(Object(Zend\Mvc\MvcEvent))
#11 D:\wwwroot\dbshop9\vendor\zendframework\zendframework\library\Zend\EventManager\EventManager.php(444): call_user_func(Array, Object(Zend\Mvc\MvcEvent))
#12 D:\wwwroot\dbshop9\vendor\zendframework\zendframework\library\Zend\EventManager\EventManager.php(205): Zend\EventManager\EventManager->triggerListeners('dispatch', Object(Zend\Mvc\MvcEvent), Object(Closure))
#13 D:\wwwroot\dbshop9\vendor\zendframework\zendframework\library\Zend\Mvc\Application.php(314): Zend\EventManager\EventManager->trigger('dispatch', Object(Zend\Mvc\MvcEvent), Object(Closure))
#14 D:\wwwroot\dbshop9\index.php(43): Zend\Mvc\Application->run()
#15 {main}
2019-12-12T15:09:18+08:00 ERR (3): Exception:
1: Error Fetching http headers
Trace:
#0 [internal function]: SoapClient->__doRequest('<?xml version="...', 'http://update.d...', 'dbshop_package_...', 1, 0)
#1 D:\wwwroot\dbshop9\module\Template\src\Template\Controller\TemplateController.php(334): SoapClient->__call('dbshopTemplateI...', Array)
#2 D:\wwwroot\dbshop9\module\Template\src\Template\Controller\TemplateController.php(334): SoapClient->dbshopTemplateInfo(Array)
#3 D:\wwwroot\dbshop9\module\Template\src\Template\Controller\TemplateController.php(223): Template\Controller\TemplateController->dbshopSoapClient('dbshopTemplateI...', Array)
#4 D:\wwwroot\dbshop9\vendor\zendframework\zendframework\library\Zend\Mvc\Controller\AbstractActionController.php(82): Template\Controller\TemplateController->startInstallTemplateAction()
#5 [internal function]: Zend\Mvc\Controller\AbstractActionController->onDispatch(Object(Zend\Mvc\MvcEvent))
#6 D:\wwwroot\dbshop9\vendor\zendframework\zendframework\library\Zend\EventManager\EventManager.php(444): call_user_func(Array, Object(Zend\Mvc\MvcEvent))
#7 D:\wwwroot\dbshop9\vendor\zendframework\zendframework\library\Zend\EventManager\EventManager.php(205): Zend\EventManager\EventManager->triggerListeners('dispatch', Object(Zend\Mvc\MvcEvent), Object(Closure))
#8 D:\wwwroot\dbshop9\vendor\zendframework\zendframework\library\Zend\Mvc\Controller\AbstractController.php(118): Zend\EventManager\EventManager->trigger('dispatch', Object(Zend\Mvc\MvcEvent), Object(Closure))
#9 D:\wwwroot\dbshop9\vendor\zendframework\zendframework\library\Zend\Mvc\DispatchListener.php(93): Zend\Mvc\Controller\AbstractController->dispatch(Object(Zend\Http\PhpEnvironment\Request), Object(Zend\Http\PhpEnvironment\Response))
#10 [internal function]: Zend\Mvc\DispatchListener->onDispatch(Object(Zend\Mvc\MvcEvent))
#11 D:\wwwroot\dbshop9\vendor\zendframework\zendframework\library\Zend\EventManager\EventManager.php(444): call_user_func(Array, Object(Zend\Mvc\MvcEvent))
#12 D:\wwwroot\dbshop9\vendor\zendframework\zendframework\library\Zend\EventManager\EventManager.php(205): Zend\EventManager\EventManager->triggerListeners('dispatch', Object(Zend\Mvc\MvcEvent), Object(Closure))
#13 D:\wwwroot\dbshop9\vendor\zendframework\zendframework\library\Zend\Mvc\Application.php(314): Zend\EventManager\EventManager->trigger('dispatch', Object(Zend\Mvc\MvcEvent), Object(Closure))
#14 D:\wwwroot\dbshop9\index.php(43): Zend\Mvc\Application->run()
#15 {main}
2019-12-12T15:10:51+08:00 ERR (3): Exception:
1: Error Fetching http headers
Trace:
#0 [internal function]: SoapClient->__doRequest('<?xml version="...', 'http://update.d...', 'dbshop_package_...', 1, 0)
#1 D:\wwwroot\dbshop9\module\Template\src\Template\Controller\TemplateController.php(334): SoapClient->__call('dbshopTemplateI...', Array)
#2 D:\wwwroot\dbshop9\module\Template\src\Template\Controller\TemplateController.php(334): SoapClient->dbshopTemplateInfo(Array)
#3 D:\wwwroot\dbshop9\module\Template\src\Template\Controller\TemplateController.php(223): Template\Controller\TemplateController->dbshopSoapClient('dbshopTemplateI...', Array)
#4 D:\wwwroot\dbshop9\vendor\zendframework\zendframework\library\Zend\Mvc\Controller\AbstractActionController.php(82): Template\Controller\TemplateController->startInstallTemplateAction()
#5 [internal function]: Zend\Mvc\Controller\AbstractActionController->onDispatch(Object(Zend\Mvc\MvcEvent))
#6 D:\wwwroot\dbshop9\vendor\zendframework\zendframework\library\Zend\EventManager\EventManager.php(444): call_user_func(Array, Object(Zend\Mvc\MvcEvent))
#7 D:\wwwroot\dbshop9\vendor\zendframework\zendframework\library\Zend\EventManager\EventManager.php(205): Zend\EventManager\EventManager->triggerListeners('dispatch', Object(Zend\Mvc\MvcEvent), Object(Closure))
#8 D:\wwwroot\dbshop9\vendor\zendframework\zendframework\library\Zend\Mvc\Controller\AbstractController.php(118): Zend\EventManager\EventManager->trigger('dispatch', Object(Zend\Mvc\MvcEvent), Object(Closure))
#9 D:\wwwroot\dbshop9\vendor\zendframework\zendframework\library\Zend\Mvc\DispatchListener.php(93): Zend\Mvc\Controller\AbstractController->dispatch(Object(Zend\Http\PhpEnvironment\Request), Object(Zend\Http\PhpEnvironment\Response))
#10 [internal function]: Zend\Mvc\DispatchListener->onDispatch(Object(Zend\Mvc\MvcEvent))
#11 D:\wwwroot\dbshop9\vendor\zendframework\zendframework\library\Zend\EventManager\EventManager.php(444): call_user_func(Array, Object(Zend\Mvc\MvcEvent))
#12 D:\wwwroot\dbshop9\vendor\zendframework\zendframework\library\Zend\EventManager\EventManager.php(205): Zend\EventManager\EventManager->triggerListeners('dispatch', Object(Zend\Mvc\MvcEvent), Object(Closure))
#13 D:\wwwroot\dbshop9\vendor\zendframework\zendframework\library\Zend\Mvc\Application.php(314): Zend\EventManager\EventManager->trigger('dispatch', Object(Zend\Mvc\MvcEvent), Object(Closure))
#14 D:\wwwroot\dbshop9\index.php(43): Zend\Mvc\Application->run()
#15 {main}
2019-12-12T15:11:00+08:00 ERR (3): Exception:
1: Error Fetching http headers
Trace:
#0 [internal function]: SoapClient->__doRequest('<?xml version="...', 'http://update.d...', 'dbshop_package_...', 1, 0)
#1 D:\wwwroot\dbshop9\module\Template\src\Template\Controller\TemplateController.php(334): SoapClient->__call('dbshopTemplateI...', Array)
#2 D:\wwwroot\dbshop9\module\Template\src\Template\Controller\TemplateController.php(334): SoapClient->dbshopTemplateInfo(Array)
#3 D:\wwwroot\dbshop9\module\Template\src\Template\Controller\TemplateController.php(223): Template\Controller\TemplateController->dbshopSoapClient('dbshopTemplateI...', Array)
#4 D:\wwwroot\dbshop9\vendor\zendframework\zendframework\library\Zend\Mvc\Controller\AbstractActionController.php(82): Template\Controller\TemplateController->startInstallTemplateAction()
#5 [internal function]: Zend\Mvc\Controller\AbstractActionController->onDispatch(Object(Zend\Mvc\MvcEvent))
#6 D:\wwwroot\dbshop9\vendor\zendframework\zendframework\library\Zend\EventManager\EventManager.php(444): call_user_func(Array, Object(Zend\Mvc\MvcEvent))
#7 D:\wwwroot\dbshop9\vendor\zendframework\zendframework\library\Zend\EventManager\EventManager.php(205): Zend\EventManager\EventManager->triggerListeners('dispatch', Object(Zend\Mvc\MvcEvent), Object(Closure))
#8 D:\wwwroot\dbshop9\vendor\zendframework\zendframework\library\Zend\Mvc\Controller\AbstractController.php(118): Zend\EventManager\EventManager->trigger('dispatch', Object(Zend\Mvc\MvcEvent), Object(Closure))
#9 D:\wwwroot\dbshop9\vendor\zendframework\zendframework\library\Zend\Mvc\DispatchListener.php(93): Zend\Mvc\Controller\AbstractController->dispatch(Object(Zend\Http\PhpEnvironment\Request), Object(Zend\Http\PhpEnvironment\Response))
#10 [internal function]: Zend\Mvc\DispatchListener->onDispatch(Object(Zend\Mvc\MvcEvent))
#11 D:\wwwroot\dbshop9\vendor\zendframework\zendframework\library\Zend\EventManager\EventManager.php(444): call_user_func(Array, Object(Zend\Mvc\MvcEvent))
#12 D:\wwwroot\dbshop9\vendor\zendframework\zendframework\library\Zend\EventManager\EventManager.php(205): Zend\EventManager\EventManager->triggerListeners('dispatch', Object(Zend\Mvc\MvcEvent), Object(Closure))
#13 D:\wwwroot\dbshop9\vendor\zendframework\zendframework\library\Zend\Mvc\Application.php(314): Zend\EventManager\EventManager->trigger('dispatch', Object(Zend\Mvc\MvcEvent), Object(Closure))
#14 D:\wwwroot\dbshop9\index.php(43): Zend\Mvc\Application->run()
#15 {main}
